Build started 1/2/2015 11:27:53 PM.
     1>Project "Z:\Misc Projects\BlackBoxAntiEmulation\BlackBoxAntiEmulation\BlackBoxAntiEmulation.vcxproj" on node 2 (Build target(s)).
     1>ClCompile:
         C:\Program Files (x86)\Microsoft Visual Studio 12.0\VC\bin\CL.exe /c /Zi /nologo /W3 /WX- /O2 /Oi /Oy- /GL /D WIN32 /D NDEBUG /D _CONSOLE /D _LIB /D _USING_V110_SDK71_ /D _MBCS /Gm- /EHsc /MT /GS- /Gy /fp:precise /Zc:wchar_t /Zc:forScope /Fo"Release\\" /Fd"Release\vc120.pdb" /Gd /TP /analyze- /errorReport:prompt Source.cpp
         Source.cpp
     1>Source.cpp(157): warning C4018: '<' : signed/unsigned mismatch
     1>Source.cpp(215): warning C4018: '<' : signed/unsigned mismatch
     1>Source.cpp(48): warning C4102: '__SELECT_FUNCTION' : unreferenced label
     1>Source.cpp(481): warning C4244: 'argument' : conversion from 'time_t' to 'unsigned int', possible loss of data
       Link:
         C:\Program Files (x86)\Microsoft Visual Studio 12.0\VC\bin\link.exe /ERRORREPORT:PROMPT /OUT:"Z:\Misc Projects\BlackBoxAntiEmulation\Release\BlackBoxAntiEmulation.exe" /INCREMENTAL:NO /NOLOGO kernel32.lib "Z:\Misc Projects\BlackBoxAntiEmulation\msvcrt_old.lib" kernel32.lib user32.lib gdi32.lib winspool.lib comdlg32.lib advapi32.lib shell32.lib ole32.lib oleaut32.lib uuid.lib odbc32.lib odbccp32.lib /MANIFEST /MANIFESTUAC:"level='asInvoker' uiAccess='false'" /manifest:embed /DEBUG /PDB:"Z:\Misc Projects\BlackBoxAntiEmulation\Release\BlackBoxAntiEmulation.pdb" /SUBSYSTEM:CONSOLE,"5.01" /OPT:REF /OPT:ICF /LTCG /TLBID:1 /DYNAMICBASE /NXCOMPAT /IMPLIB:"Z:\Misc Projects\BlackBoxAntiEmulation\Release\BlackBoxAntiEmulation.lib" /MACHINE:X86 /SAFESEH:NO Release\Source.obj
     1>LINK : warning LNK4098: defaultlib 'LIBCMT' conflicts with use of other libs; use /NODEFAULTLIB:library
         Generating code
     1>z:\misc projects\blackboxantiemulation\blackboxantiemulation\source.cpp(357): warning C4715: 'BlackBoxRoutine' : not all control paths return a value
         Finished generating code
     1>msvcrt_old.lib(cinitexe.obj) : warning LNK4254: section '.CRT' (40000040) merged into '.data' (C0000040) with different attributes
     1>msvcrt_old.lib(cinitexe.obj) : warning LNK4254: section '.CRT' (40000040) merged into '.data' (C0000040) with different attributes
         BlackBoxAntiEmulation.vcxproj -> Z:\Misc Projects\BlackBoxAntiEmulation\Release\BlackBoxAntiEmulation.exe
     1>Done Building Project "Z:\Misc Projects\BlackBoxAntiEmulation\BlackBoxAntiEmulation\BlackBoxAntiEmulation.vcxproj" (Build target(s)).

Build succeeded.

Time Elapsed 00:00:00.64
